# JRE version: OpenJDK Runtime Environment (11.0.8+10) (build 11.0.8+10-b944.6842174)
# Java VM: OpenJDK 64-Bit Server VM (11.0.8+10-b944.6842174, mixed mode, tiered, compressed oops, g1 gc, windows-amd64)
Heap:
 garbage-first heap   total 284672K, used 214558K [0x0000000080000000, 0x0000000100000000)
  region size 1024K, 158 young (161792K), 5 survivors (5120K)
 Metaspace       used 43325K, capacity 44358K, committed 44544K, reserved 1087488K
  class space    used 5445K, capacity 5832K, committed 5888K, reserved 1048576K
GC Heap History (20 events):
Event: 10.046 GC heap before
{Heap before GC invocations=42 (full 0):
 garbage-first heap   total 93184K, used 50848K [0x0000000080000000, 0x0000000100000000)
  region size 1024K, 4 young (4096K), 1 survivors (1024K)
 Metaspace       used 43115K, capacity 44067K, committed 44160K, reserved 1087488K
  class space    used 5414K, capacity 5756K, committed 5760K, reserved 1048576K
}
Event: 10.050 GC heap after
{Heap after GC invocations=43 (full 0):
 garbage-first heap   total 151552K, used 46326K [0x0000000080000000, 0x0000000100000000)
  region size 1024K, 1 young (1024K), 1 survivors (1024K)
 Metaspace       used 43115K, capacity 44067K, committed 44160K, reserved 1087488K
  class space    used 5414K, capacity 5756K, committed 5760K, reserved 1048576K
}
Event: 10.624 GC heap before
{Heap before GC invocations=43 (full 0):
 garbage-first heap   total 151552K, used 92406K [0x0000000080000000, 0x0000000100000000)
  region size 1024K, 47 young (48128K), 1 survivors (1024K)
 Metaspace       used 43126K, capacity 44067K, committed 44160K, reserved 1087488K
  class space    used 5414K, capacity 5756K, committed 5760K, reserved 1048576K
}
Event: 10.626 GC heap after
{Heap after GC invocations=44 (full 0):
 garbage-first heap   total 151552K, used 46533K [0x0000000080000000, 0x0000000100000000)
  region size 1024K, 1 young (1024K), 1 survivors (1024K)
 Metaspace       used 43126K, capacity 44067K, committed 44160K, reserved 1087488K
  class space    used 5414K, capacity 5756K, committed 5760K, reserved 1048576K
}
Event: 11.068 GC heap before
{Heap before GC invocations=44 (full 0):
 garbage-first heap   total 151552K, used 117189K [0x0000000080000000, 0x0000000100000000)
  region size 1024K, 70 young (71680K), 1 survivors (1024K)
 Metaspace       used 43126K, capacity 44067K, committed 44160K, reserved 1087488K
  class space    used 5414K, capacity 5756K, committed 5760K, reserved 1048576K
}
Event: 11.070 GC heap after
{Heap after GC invocations=45 (full 0):
 garbage-first heap   total 151552K, used 47236K [0x0000000080000000, 0x0000000100000000)
  region size 1024K, 2 young (2048K), 2 survivors (2048K)
 Metaspace       used 43126K, capacity 44067K, committed 44160K, reserved 1087488K
  class space    used 5414K, capacity 5756K, committed 5760K, reserved 1048576K
}
Event: 11.326 GC heap before
{Heap before GC invocations=45 (full 0):
 garbage-first heap   total 151552K, used 117892K [0x0000000080000000, 0x0000000100000000)
  region size 1024K, 71 young (72704K), 2 survivors (2048K)
 Metaspace       used 43128K, capacity 44067K, committed 44160K, reserved 1087488K
  class space    used 5414K, capacity 5756K, committed 5760K, reserved 1048576K
}
Event: 11.329 GC heap after
{Heap after GC invocations=46 (full 0):
 garbage-first heap   total 151552K, used 47827K [0x0000000080000000, 0x0000000100000000)
  region size 1024K, 2 young (2048K), 2 survivors (2048K)
 Metaspace       used 43128K, capacity 44067K, committed 44160K, reserved 1087488K
  class space    used 5414K, capacity 5756K, committed 5760K, reserved 1048576K
}
Event: 11.773 GC heap before
{Heap before GC invocations=46 (full 0):
 garbage-first heap   total 151552K, used 120531K [0x0000000080000000, 0x0000000100000000)
  region size 1024K, 73 young (74752K), 2 survivors (2048K)
 Metaspace       used 43130K, capacity 44068K, committed 44160K, reserved 1087488K
  class space    used 5414K, capacity 5756K, committed 5760K, reserved 1048576K
}
Event: 11.779 GC heap after
{Heap after GC invocations=47 (full 0):
 garbage-first heap   total 196608K, used 48949K [0x0000000080000000, 0x0000000100000000)
  region size 1024K, 3 young (3072K), 3 survivors (3072K)
 Metaspace       used 43130K, capacity 44068K, committed 44160K, reserved 1087488K
  class space    used 5414K, capacity 5756K, committed 5760K, reserved 1048576K
}
Event: 12.333 GC heap before
{Heap before GC invocations=47 (full 0):
 garbage-first heap   total 196608K, used 133941K [0x0000000080000000, 0x0000000100000000)
  region size 1024K, 86 young (88064K), 3 survivors (3072K)
 Metaspace       used 43130K, capacity 44068K, committed 44160K, reserved 1087488K
  class space    used 5414K, capacity 5756K, committed 5760K, reserved 1048576K
}
Event: 12.347 GC heap after
{Heap after GC invocations=48 (full 0):
 garbage-first heap   total 196608K, used 54129K [0x0000000080000000, 0x0000000100000000)
  region size 1024K, 8 young (8192K), 8 survivors (8192K)
 Metaspace       used 43130K, capacity 44068K, committed 44160K, reserved 1087488K
  class space    used 5414K, capacity 5756K, committed 5760K, reserved 1048576K
}
Event: 12.729 GC heap before
{Heap before GC invocations=48 (full 0):
 garbage-first heap   total 196608K, used 142193K [0x0000000080000000, 0x0000000100000000)
  region size 1024K, 94 young (96256K), 8 survivors (8192K)
 Metaspace       used 43132K, capacity 44068K, committed 44160K, reserved 1087488K
  class space    used 5414K, capacity 5756K, committed 5760K, reserved 1048576K
}
Event: 12.752 GC heap after
{Heap after GC invocations=49 (full 0):
 garbage-first heap   total 196608K, used 55564K [0x0000000080000000, 0x0000000100000000)
  region size 1024K, 7 young (7168K), 7 survivors (7168K)
 Metaspace       used 43132K, capacity 44068K, committed 44160K, reserved 1087488K
  class space    used 5414K, capacity 5756K, committed 5760K, reserved 1048576K
}
Event: 13.137 GC heap before
{Heap before GC invocations=49 (full 0):
 garbage-first heap   total 196608K, used 146700K [0x0000000080000000, 0x0000000100000000)
  region size 1024K, 96 young (98304K), 7 survivors (7168K)
 Metaspace       used 43132K, capacity 44068K, committed 44160K, reserved 1087488K
  class space    used 5414K, capacity 5756K, committed 5760K, reserved 1048576K
}
Event: 13.149 GC heap after
{Heap after GC invocations=50 (full 0):
 garbage-first heap   total 196608K, used 56780K [0x0000000080000000, 0x0000000100000000)
  region size 1024K, 3 young (3072K), 3 survivors (3072K)
 Metaspace       used 43132K, capacity 44068K, committed 44160K, reserved 1087488K
  class space    used 5414K, capacity 5756K, committed 5760K, reserved 1048576K
}
Event: 13.560 GC heap before
{Heap before GC invocations=50 (full 0):
 garbage-first heap   total 196608K, used 153036K [0x0000000080000000, 0x0000000100000000)
  region size 1024K, 97 young (99328K), 3 survivors (3072K)
 Metaspace       used 43175K, capacity 44132K, committed 44160K, reserved 1087488K
  class space    used 5421K, capacity 5756K, committed 5760K, reserved 1048576K
}
Event: 13.567 GC heap after
{Heap after GC invocations=51 (full 0):
 garbage-first heap   total 284672K, used 57023K [0x0000000080000000, 0x0000000100000000)
  region size 1024K, 3 young (3072K), 3 survivors (3072K)
 Metaspace       used 43175K, capacity 44132K, committed 44160K, reserved 1087488K
  class space    used 5421K, capacity 5756K, committed 5760K, reserved 1048576K
}
Event: 14.726 GC heap before
{Heap before GC invocations=51 (full 0):
 garbage-first heap   total 284672K, used 214719K [0x0000000080000000, 0x0000000100000000)
  region size 1024K, 154 young (157696K), 3 survivors (3072K)
 Metaspace       used 43310K, capacity 44326K, committed 44544K, reserved 1087488K
  class space    used 5443K, capacity 5800K, committed 5888K, reserved 1048576K
}
Event: 14.732 GC heap after
{Heap after GC invocations=52 (full 0):
 garbage-first heap   total 284672K, used 58910K [0x0000000080000000, 0x0000000100000000)
  region size 1024K, 5 young (5120K), 5 survivors (5120K)
 Metaspace       used 43310K, capacity 44326K, committed 44544K, reserved 1087488K
  class space    used 5443K, capacity 5800K, committed 5888K, reserved 1048576K
}

