# JRE version: OpenJDK Runtime Environment (11.0.8+10) (build 11.0.8+10-b944.6842174)
# Java VM: OpenJDK 64-Bit Server VM (11.0.8+10-b944.6842174, mixed mode, tiered, compressed oops, g1 gc, windows-amd64)
Heap:
 garbage-first heap   total 623616K, used 85931K [0x0000000080000000, 0x0000000100000000)
  region size 1024K, 3 young (3072K), 3 survivors (3072K)
 Metaspace       used 43228K, capacity 44132K, committed 44288K, reserved 1087488K
  class space    used 5473K, capacity 5842K, committed 5888K, reserved 1048576K
GC Heap History (20 events):
Event: 6.395 GC heap after
{Heap after GC invocations=29 (full 0):
 garbage-first heap   total 83968K, used 49882K [0x0000000080000000, 0x0000000100000000)
  region size 1024K, 1 young (1024K), 1 survivors (1024K)
 Metaspace       used 39982K, capacity 40944K, committed 41216K, reserved 1085440K
  class space    used 5142K, capacity 5508K, committed 5632K, reserved 1048576K
}
Event: 6.439 GC heap before
{Heap before GC invocations=29 (full 0):
 garbage-first heap   total 83968K, used 63194K [0x0000000080000000, 0x0000000100000000)
  region size 1024K, 14 young (14336K), 1 survivors (1024K)
 Metaspace       used 39982K, capacity 40944K, committed 41216K, reserved 1085440K
  class space    used 5142K, capacity 5508K, committed 5632K, reserved 1048576K
}
Event: 6.442 GC heap after
{Heap after GC invocations=30 (full 0):
 garbage-first heap   total 83968K, used 53586K [0x0000000080000000, 0x0000000100000000)
  region size 1024K, 2 young (2048K), 2 survivors (2048K)
 Metaspace       used 39982K, capacity 40944K, committed 41216K, reserved 1085440K
  class space    used 5142K, capacity 5508K, committed 5632K, reserved 1048576K
}
Event: 6.486 GC heap before
{Heap before GC invocations=31 (full 0):
 garbage-first heap   total 83968K, used 64850K [0x0000000080000000, 0x0000000100000000)
  region size 1024K, 13 young (13312K), 2 survivors (2048K)
 Metaspace       used 39984K, capacity 40944K, committed 41216K, reserved 1085440K
  class space    used 5142K, capacity 5508K, committed 5632K, reserved 1048576K
}
Event: 6.488 GC heap after
{Heap after GC invocations=32 (full 0):
 garbage-first heap   total 103424K, used 55601K [0x0000000080000000, 0x0000000100000000)
  region size 1024K, 2 young (2048K), 2 survivors (2048K)
 Metaspace       used 39984K, capacity 40944K, committed 41216K, reserved 1085440K
  class space    used 5142K, capacity 5508K, committed 5632K, reserved 1048576K
}
Event: 6.497 GC heap before
{Heap before GC invocations=32 (full 0):
 garbage-first heap   total 103424K, used 58673K [0x0000000080000000, 0x0000000100000000)
  region size 1024K, 5 young (5120K), 2 survivors (2048K)
 Metaspace       used 39984K, capacity 40944K, committed 41216K, reserved 1085440K
  class space    used 5142K, capacity 5508K, committed 5632K, reserved 1048576K
}
Event: 6.500 GC heap after
{Heap after GC invocations=33 (full 0):
 garbage-first heap   total 103424K, used 55432K [0x0000000080000000, 0x0000000100000000)
  region size 1024K, 1 young (1024K), 1 survivors (1024K)
 Metaspace       used 39984K, capacity 40944K, committed 41216K, reserved 1085440K
  class space    used 5142K, capacity 5508K, committed 5632K, reserved 1048576K
}
Event: 6.679 GC heap before
{Heap before GC invocations=33 (full 0):
 garbage-first heap   total 103424K, used 76936K [0x0000000080000000, 0x0000000100000000)
  region size 1024K, 22 young (22528K), 1 survivors (1024K)
 Metaspace       used 39988K, capacity 40944K, committed 41216K, reserved 1085440K
  class space    used 5142K, capacity 5508K, committed 5632K, reserved 1048576K
}
Event: 6.694 GC heap after
{Heap after GC invocations=34 (full 0):
 garbage-first heap   total 103424K, used 57126K [0x0000000080000000, 0x0000000100000000)
  region size 1024K, 3 young (3072K), 3 survivors (3072K)
 Metaspace       used 39988K, capacity 40944K, committed 41216K, reserved 1085440K
  class space    used 5142K, capacity 5508K, committed 5632K, reserved 1048576K
}
Event: 6.803 GC heap before
{Heap before GC invocations=34 (full 0):
 garbage-first heap   total 103424K, used 77606K [0x0000000080000000, 0x0000000100000000)
  region size 1024K, 24 young (24576K), 3 survivors (3072K)
 Metaspace       used 39988K, capacity 40944K, committed 41216K, reserved 1085440K
  class space    used 5142K, capacity 5508K, committed 5632K, reserved 1048576K
}
Event: 6.814 GC heap after
{Heap after GC invocations=35 (full 0):
 garbage-first heap   total 103424K, used 57846K [0x0000000080000000, 0x0000000100000000)
  region size 1024K, 3 young (3072K), 3 survivors (3072K)
 Metaspace       used 39988K, capacity 40944K, committed 41216K, reserved 1085440K
  class space    used 5142K, capacity 5508K, committed 5632K, reserved 1048576K
}
Event: 6.921 GC heap before
{Heap before GC invocations=36 (full 0):
 garbage-first heap   total 103424K, used 79350K [0x0000000080000000, 0x0000000100000000)
  region size 1024K, 24 young (24576K), 3 survivors (3072K)
 Metaspace       used 39988K, capacity 40944K, committed 41216K, reserved 1085440K
  class space    used 5142K, capacity 5508K, committed 5632K, reserved 1048576K
}
Event: 6.945 GC heap after
{Heap after GC invocations=37 (full 0):
 garbage-first heap   total 207872K, used 58199K [0x0000000080000000, 0x0000000100000000)
  region size 1024K, 3 young (3072K), 3 survivors (3072K)
 Metaspace       used 39988K, capacity 40944K, committed 41216K, reserved 1085440K
  class space    used 5142K, capacity 5508K, committed 5632K, reserved 1048576K
}
Event: 6.994 GC heap before
{Heap before GC invocations=37 (full 0):
 garbage-first heap   total 207872K, used 65367K [0x0000000080000000, 0x0000000100000000)
  region size 1024K, 10 young (10240K), 3 survivors (3072K)
 Metaspace       used 39988K, capacity 40944K, committed 41216K, reserved 1085440K
  class space    used 5142K, capacity 5508K, committed 5632K, reserved 1048576K
}
Event: 7.012 GC heap after
{Heap after GC invocations=38 (full 0):
 garbage-first heap   total 207872K, used 55393K [0x0000000080000000, 0x0000000100000000)
  region size 1024K, 1 young (1024K), 1 survivors (1024K)
 Metaspace       used 39988K, capacity 40944K, committed 41216K, reserved 1085440K
  class space    used 5142K, capacity 5508K, committed 5632K, reserved 1048576K
}
Event: 7.684 GC heap before
{Heap before GC invocations=38 (full 0):
 garbage-first heap   total 207872K, used 145505K [0x0000000080000000, 0x0000000100000000)
  region size 1024K, 89 young (91136K), 1 survivors (1024K)
 Metaspace       used 40019K, capacity 40944K, committed 41216K, reserved 1085440K
  class space    used 5146K, capacity 5508K, committed 5632K, reserved 1048576K
}
Event: 7.806 GC heap after
{Heap after GC invocations=39 (full 0):
 garbage-first heap   total 207872K, used 80622K [0x0000000080000000, 0x0000000100000000)
  region size 1024K, 12 young (12288K), 12 survivors (12288K)
 Metaspace       used 40019K, capacity 40944K, committed 41216K, reserved 1085440K
  class space    used 5146K, capacity 5508K, committed 5632K, reserved 1048576K
}
Event: 8.046 GC heap before
{Heap before GC invocations=39 (full 0):
 garbage-first heap   total 207872K, used 133870K [0x0000000080000000, 0x0000000100000000)
  region size 1024K, 64 young (65536K), 12 survivors (12288K)
 Metaspace       used 40020K, capacity 40944K, committed 41216K, reserved 1085440K
  class space    used 5146K, capacity 5508K, committed 5632K, reserved 1048576K
}
Event: 8.118 GC heap after
{Heap after GC invocations=40 (full 0):
 garbage-first heap   total 207872K, used 90515K [0x0000000080000000, 0x0000000100000000)
  region size 1024K, 8 young (8192K), 8 survivors (8192K)
 Metaspace       used 40020K, capacity 40944K, committed 41216K, reserved 1085440K
  class space    used 5146K, capacity 5508K, committed 5632K, reserved 1048576K
}
Event: 9.545 GC heap before
{Heap before GC invocations=40 (full 0):
 garbage-first heap   total 207872K, used 143763K [0x0000000080000000, 0x0000000100000000)
  region size 1024K, 56 young (57344K), 8 survivors (8192K)
 Metaspace       used 43228K, capacity 44132K, committed 44288K, reserved 1087488K
  class space    used 5473K, capacity 5842K, committed 5888K, reserved 1048576K
}

