# JRE version: OpenJDK Runtime Environment (11.0.8+10) (build 11.0.8+10-b944.6842174)
# Java VM: OpenJDK 64-Bit Server VM (11.0.8+10-b944.6842174, mixed mode, tiered, compressed oops, g1 gc, windows-amd64)
Heap:
 garbage-first heap   total 476160K, used 82812K [0x0000000080000000, 0x0000000100000000)
  region size 1024K, 6 young (6144K), 6 survivors (6144K)
 Metaspace       used 40024K, capacity 40948K, committed 41216K, reserved 1085440K
  class space    used 5146K, capacity 5508K, committed 5632K, reserved 1048576K
GC Heap History (20 events):
Event: 6.961 GC heap after
{Heap after GC invocations=23 (full 0):
 garbage-first heap   total 69632K, used 49341K [0x0000000080000000, 0x0000000100000000)
  region size 1024K, 2 young (2048K), 2 survivors (2048K)
 Metaspace       used 39985K, capacity 40948K, committed 41216K, reserved 1085440K
  class space    used 5142K, capacity 5508K, committed 5632K, reserved 1048576K
}
Event: 7.006 GC heap before
{Heap before GC invocations=24 (full 0):
 garbage-first heap   total 69632K, used 55485K [0x0000000080000000, 0x0000000100000000)
  region size 1024K, 9 young (9216K), 2 survivors (2048K)
 Metaspace       used 39987K, capacity 40948K, committed 41216K, reserved 1085440K
  class space    used 5142K, capacity 5508K, committed 5632K, reserved 1048576K
}
Event: 7.008 GC heap after
{Heap after GC invocations=25 (full 0):
 garbage-first heap   total 69632K, used 49829K [0x0000000080000000, 0x0000000100000000)
  region size 1024K, 2 young (2048K), 2 survivors (2048K)
 Metaspace       used 39987K, capacity 40948K, committed 41216K, reserved 1085440K
  class space    used 5142K, capacity 5508K, committed 5632K, reserved 1048576K
}
Event: 7.011 GC heap before
{Heap before GC invocations=25 (full 0):
 garbage-first heap   total 69632K, used 50853K [0x0000000080000000, 0x0000000100000000)
  region size 1024K, 3 young (3072K), 2 survivors (2048K)
 Metaspace       used 39987K, capacity 40948K, committed 41216K, reserved 1085440K
  class space    used 5142K, capacity 5508K, committed 5632K, reserved 1048576K
}
Event: 7.022 GC heap after
{Heap after GC invocations=26 (full 0):
 garbage-first heap   total 83968K, used 44364K [0x0000000080000000, 0x0000000100000000)
  region size 1024K, 1 young (1024K), 1 survivors (1024K)
 Metaspace       used 39987K, capacity 40948K, committed 41216K, reserved 1085440K
  class space    used 5142K, capacity 5508K, committed 5632K, reserved 1048576K
}
Event: 7.292 GC heap before
{Heap before GC invocations=26 (full 0):
 garbage-first heap   total 83968K, used 61772K [0x0000000080000000, 0x0000000100000000)
  region size 1024K, 18 young (18432K), 1 survivors (1024K)
 Metaspace       used 39990K, capacity 40948K, committed 41216K, reserved 1085440K
  class space    used 5142K, capacity 5508K, committed 5632K, reserved 1048576K
}
Event: 7.296 GC heap after
{Heap after GC invocations=27 (full 0):
 garbage-first heap   total 83968K, used 50041K [0x0000000080000000, 0x0000000100000000)
  region size 1024K, 3 young (3072K), 3 survivors (3072K)
 Metaspace       used 39990K, capacity 40948K, committed 41216K, reserved 1085440K
  class space    used 5142K, capacity 5508K, committed 5632K, reserved 1048576K
}
Event: 7.401 GC heap before
{Heap before GC invocations=28 (full 0):
 garbage-first heap   total 83968K, used 64377K [0x0000000080000000, 0x0000000100000000)
  region size 1024K, 17 young (17408K), 3 survivors (3072K)
 Metaspace       used 39991K, capacity 40948K, committed 41216K, reserved 1085440K
  class space    used 5142K, capacity 5508K, committed 5632K, reserved 1048576K
}
Event: 7.415 GC heap after
{Heap after GC invocations=29 (full 0):
 garbage-first heap   total 83968K, used 53455K [0x0000000080000000, 0x0000000100000000)
  region size 1024K, 3 young (3072K), 3 survivors (3072K)
 Metaspace       used 39991K, capacity 40948K, committed 41216K, reserved 1085440K
  class space    used 5142K, capacity 5508K, committed 5632K, reserved 1048576K
}
Event: 7.426 GC heap before
{Heap before GC invocations=29 (full 0):
 garbage-first heap   total 83968K, used 54479K [0x0000000080000000, 0x0000000100000000)
  region size 1024K, 4 young (4096K), 3 survivors (3072K)
 Metaspace       used 39991K, capacity 40948K, committed 41216K, reserved 1085440K
  class space    used 5142K, capacity 5508K, committed 5632K, reserved 1048576K
}
Event: 7.435 GC heap after
{Heap after GC invocations=30 (full 0):
 garbage-first heap   total 83968K, used 50493K [0x0000000080000000, 0x0000000100000000)
  region size 1024K, 1 young (1024K), 1 survivors (1024K)
 Metaspace       used 39991K, capacity 40948K, committed 41216K, reserved 1085440K
  class space    used 5142K, capacity 5508K, committed 5632K, reserved 1048576K
}
Event: 7.474 GC heap before
{Heap before GC invocations=30 (full 0):
 garbage-first heap   total 83968K, used 63805K [0x0000000080000000, 0x0000000100000000)
  region size 1024K, 14 young (14336K), 1 survivors (1024K)
 Metaspace       used 39991K, capacity 40948K, committed 41216K, reserved 1085440K
  class space    used 5142K, capacity 5508K, committed 5632K, reserved 1048576K
}
Event: 7.496 GC heap after
{Heap after GC invocations=31 (full 0):
 garbage-first heap   total 158720K, used 51759K [0x0000000080000000, 0x0000000100000000)
  region size 1024K, 2 young (2048K), 2 survivors (2048K)
 Metaspace       used 39991K, capacity 40948K, committed 41216K, reserved 1085440K
  class space    used 5142K, capacity 5508K, committed 5632K, reserved 1048576K
}
Event: 7.948 GC heap before
{Heap before GC invocations=32 (full 0):
 garbage-first heap   total 158720K, used 103983K [0x0000000080000000, 0x0000000100000000)
  region size 1024K, 53 young (54272K), 2 survivors (2048K)
 Metaspace       used 39998K, capacity 40948K, committed 41216K, reserved 1085440K
  class space    used 5142K, capacity 5508K, committed 5632K, reserved 1048576K
}
Event: 8.080 GC heap after
{Heap after GC invocations=33 (full 0):
 garbage-first heap   total 158720K, used 55815K [0x0000000080000000, 0x0000000100000000)
  region size 1024K, 6 young (6144K), 6 survivors (6144K)
 Metaspace       used 39998K, capacity 40948K, committed 41216K, reserved 1085440K
  class space    used 5142K, capacity 5508K, committed 5632K, reserved 1048576K
}
Event: 8.326 GC heap before
{Heap before GC invocations=33 (full 0):
 garbage-first heap   total 158720K, used 114183K [0x0000000080000000, 0x0000000100000000)
  region size 1024K, 63 young (64512K), 6 survivors (6144K)
 Metaspace       used 40024K, capacity 40948K, committed 41216K, reserved 1085440K
  class space    used 5146K, capacity 5508K, committed 5632K, reserved 1048576K
}
Event: 8.352 GC heap after
{Heap after GC invocations=34 (full 0):
 garbage-first heap   total 158720K, used 64991K [0x0000000080000000, 0x0000000100000000)
  region size 1024K, 8 young (8192K), 8 survivors (8192K)
 Metaspace       used 40024K, capacity 40948K, committed 41216K, reserved 1085440K
  class space    used 5146K, capacity 5508K, committed 5632K, reserved 1048576K
}
Event: 8.479 GC heap before
{Heap before GC invocations=34 (full 0):
 garbage-first heap   total 158720K, used 114143K [0x0000000080000000, 0x0000000100000000)
  region size 1024K, 56 young (57344K), 8 survivors (8192K)
 Metaspace       used 40024K, capacity 40948K, committed 41216K, reserved 1085440K
  class space    used 5146K, capacity 5508K, committed 5632K, reserved 1048576K
}
Event: 8.492 GC heap after
{Heap after GC invocations=35 (full 0):
 garbage-first heap   total 158720K, used 72071K [0x0000000080000000, 0x0000000100000000)
  region size 1024K, 7 young (7168K), 7 survivors (7168K)
 Metaspace       used 40024K, capacity 40948K, committed 41216K, reserved 1085440K
  class space    used 5146K, capacity 5508K, committed 5632K, reserved 1048576K
}
Event: 8.614 GC heap before
{Heap before GC invocations=35 (full 0):
 garbage-first heap   total 158720K, used 114055K [0x0000000080000000, 0x0000000100000000)
  region size 1024K, 48 young (49152K), 7 survivors (7168K)
 Metaspace       used 40024K, capacity 40948K, committed 41216K, reserved 1085440K
  class space    used 5146K, capacity 5508K, committed 5632K, reserved 1048576K
}

